<?xml version="1.0" encoding="UTF-8"?>
<!-- Generated by org.testng.reporters.JUnitReportReporter -->
<testsuite hostname="DESKTOP-AE" failures="0" tests="1" name="LoginPage.TS_LOGIN_PAGE_01" time="4.870" errors="0" timestamp="2023-04-15T23:50:47 PST" skipped="0">
  <testcase classname="LoginPage.TS_LOGIN_PAGE_01" name="TC_LP_00" time="4.870"/>
  <system-out/>
</testsuite> <!-- LoginPage.TS_LOGIN_PAGE_01 -->
