<?xml version="1.0" encoding="UTF-8"?>
<!-- Generated by org.testng.reporters.JUnitReportReporter -->
<testsuite hostname="DESKTOP-AE" failures="0" tests="2" name="LoginPage.TS_LOGIN_PAGE_01" time="8.380" errors="0" timestamp="2023-04-16T00:18:25 PST" skipped="0">
  <testcase classname="LoginPage.TS_LOGIN_PAGE_01" name="TC_LP_00" time="4.875"/>
  <system-out/>
  <testcase classname="LoginPage.TS_LOGIN_PAGE_01" name="TC_LP_01" time="3.505"/>
  <system-out/>
</testsuite> <!-- LoginPage.TS_LOGIN_PAGE_01 -->
